<?xml version="1.0" encoding="UTF-8"?>
<testsuite xmlns:xsi="http://www.w3.org/2001/XMLSchema-instance" xsi:noNamespaceSchemaLocation="https://maven.apache.org/surefire/maven-surefire-plugin/xsd/surefire-test-report.xsd" name="com.payconiq.stockMgmt.repository.StockMgmtRepositoryTest" time="0.704" tests="3" errors="0" skipped="0" failures="0">
  <properties>
    <property name="sun.desktop" value="windows"/>
    <property name="awt.toolkit" value="sun.awt.windows.WToolkit"/>
    <property name="java.specification.version" value="11"/>
    <property name="sun.cpu.isalist" value="amd64"/>
    <property name="sun.jnu.encoding" value="Cp1252"/>
    <property name="java.class.path" value="E:\stock-mgmt\stock-mgmt\stock-mgmt\target\test-classes;E:\stock-mgmt\stock-mgmt\stock-mgmt\target\classes;D:\work\maven_repo\org\springframework\boot\spring-boot-starter-actuator\2.2.5.RELEASE\spring-boot-starter-actuator-2.2.5.RELEASE.jar;D:\work\maven_repo\org\springframework\boot\spring-boot-starter\2.2.5.RELEASE\spring-boot-starter-2.2.5.RELEASE.jar;D:\work\maven_repo\org\springframework\boot\spring-boot\2.2.5.RELEASE\spring-boot-2.2.5.RELEASE.jar;D:\work\maven_repo\org\springframework\boot\spring-boot-autoconfigure\2.2.5.RELEASE\spring-boot-autoconfigure-2.2.5.RELEASE.jar;D:\work\maven_repo\org\springframework\boot\spring-boot-starter-logging\2.2.5.RELEASE\spring-boot-starter-logging-2.2.5.RELEASE.jar;D:\work\maven_repo\ch\qos\logback\logback-classic\1.2.3\logback-classic-1.2.3.jar;D:\work\maven_repo\ch\qos\logback\logback-core\1.2.3\logback-core-1.2.3.jar;D:\work\maven_repo\org\apache\logging\log4j\log4j-to-slf4j\2.12.1\log4j-to-slf4j-2.12.1.jar;D:\work\maven_repo\org\apache\logging\log4j\log4j-api\2.12.1\log4j-api-2.12.1.jar;D:\work\maven_repo\org\slf4j\jul-to-slf4j\1.7.30\jul-to-slf4j-1.7.30.jar;D:\work\maven_repo\jakarta\annotation\jakarta.annotation-api\1.3.5\jakarta.annotation-api-1.3.5.jar;D:\work\maven_repo\org\yaml\snakeyaml\1.25\snakeyaml-1.25.jar;D:\work\maven_repo\org\springframework\boot\spring-boot-actuator-autoconfigure\2.2.5.RELEASE\spring-boot-actuator-autoconfigure-2.2.5.RELEASE.jar;D:\work\maven_repo\org\springframework\boot\spring-boot-actuator\2.2.5.RELEASE\spring-boot-actuator-2.2.5.RELEASE.jar;D:\work\maven_repo\com\fasterxml\jackson\core\jackson-databind\2.10.2\jackson-databind-2.10.2.jar;D:\work\maven_repo\com\fasterxml\jackson\core\jackson-core\2.10.2\jackson-core-2.10.2.jar;D:\work\maven_repo\org\springframework\spring-context\5.2.4.RELEASE\spring-context-5.2.4.RELEASE.jar;D:\work\maven_repo\com\fasterxml\jackson\datatype\jackson-datatype-jsr310\2.10.2\jackson-datatype-jsr310-2.10.2.jar;D:\work\maven_repo\io\micrometer\micrometer-core\1.3.5\micrometer-core-1.3.5.jar;D:\work\maven_repo\org\hdrhistogram\HdrHistogram\2.1.11\HdrHistogram-2.1.11.jar;D:\work\maven_repo\org\latencyutils\LatencyUtils\2.0.3\LatencyUtils-2.0.3.jar;D:\work\maven_repo\org\springframework\boot\spring-boot-starter-data-jpa\2.2.5.RELEASE\spring-boot-starter-data-jpa-2.2.5.RELEASE.jar;D:\work\maven_repo\org\springframework\boot\spring-boot-starter-aop\2.2.5.RELEASE\spring-boot-starter-aop-2.2.5.RELEASE.jar;D:\work\maven_repo\org\springframework\spring-aop\5.2.4.RELEASE\spring-aop-5.2.4.RELEASE.jar;D:\work\maven_repo\org\aspectj\aspectjweaver\1.9.5\aspectjweaver-1.9.5.jar;D:\work\maven_repo\org\springframework\boot\spring-boot-starter-jdbc\2.2.5.RELEASE\spring-boot-starter-jdbc-2.2.5.RELEASE.jar;D:\work\maven_repo\com\zaxxer\HikariCP\3.4.2\HikariCP-3.4.2.jar;D:\work\maven_repo\org\springframework\spring-jdbc\5.2.4.RELEASE\spring-jdbc-5.2.4.RELEASE.jar;D:\work\maven_repo\jakarta\activation\jakarta.activation-api\1.2.2\jakarta.activation-api-1.2.2.jar;D:\work\maven_repo\jakarta\persistence\jakarta.persistence-api\2.2.3\jakarta.persistence-api-2.2.3.jar;D:\work\maven_repo\jakarta\transaction\jakarta.transaction-api\1.3.3\jakarta.transaction-api-1.3.3.jar;D:\work\maven_repo\org\hibernate\hibernate-core\5.4.12.Final\hibernate-core-5.4.12.Final.jar;D:\work\maven_repo\org\jboss\logging\jboss-logging\3.4.1.Final\jboss-logging-3.4.1.Final.jar;D:\work\maven_repo\org\javassist\javassist\3.24.0-GA\javassist-3.24.0-GA.jar;D:\work\maven_repo\net\bytebuddy\byte-buddy\1.10.8\byte-buddy-1.10.8.jar;D:\work\maven_repo\antlr\antlr\2.7.7\antlr-2.7.7.jar;D:\work\maven_repo\org\jboss\jandex\2.1.1.Final\jandex-2.1.1.Final.jar;D:\work\maven_repo\org\dom4j\dom4j\2.1.1\dom4j-2.1.1.jar;D:\work\maven_repo\org\hibernate\common\hibernate-commons-annotations\5.1.0.Final\hibernate-commons-annotations-5.1.0.Final.jar;D:\work\maven_repo\org\glassfish\jaxb\jaxb-runtime\2.3.2\jaxb-runtime-2.3.2.jar;D:\work\maven_repo\org\glassfish\jaxb\txw2\2.3.2\txw2-2.3.2.jar;D:\work\maven_repo\com\sun\istack\istack-commons-runtime\3.0.8\istack-commons-runtime-3.0.8.jar;D:\work\maven_repo\org\jvnet\staxex\stax-ex\1.8.1\stax-ex-1.8.1.jar;D:\work\maven_repo\com\sun\xml\fastinfoset\FastInfoset\1.2.16\FastInfoset-1.2.16.jar;D:\work\maven_repo\org\springframework\data\spring-data-jpa\2.2.5.RELEASE\spring-data-jpa-2.2.5.RELEASE.jar;D:\work\maven_repo\org\springframework\data\spring-data-commons\2.2.5.RELEASE\spring-data-commons-2.2.5.RELEASE.jar;D:\work\maven_repo\org\springframework\spring-orm\5.2.4.RELEASE\spring-orm-5.2.4.RELEASE.jar;D:\work\maven_repo\org\springframework\spring-tx\5.2.4.RELEASE\spring-tx-5.2.4.RELEASE.jar;D:\work\maven_repo\org\springframework\spring-beans\5.2.4.RELEASE\spring-beans-5.2.4.RELEASE.jar;D:\work\maven_repo\org\springframework\spring-aspects\5.2.4.RELEASE\spring-aspects-5.2.4.RELEASE.jar;D:\work\maven_repo\org\springframework\boot\spring-boot-starter-web\2.2.5.RELEASE\spring-boot-starter-web-2.2.5.RELEASE.jar;D:\work\maven_repo\org\springframework\boot\spring-boot-starter-json\2.2.5.RELEASE\spring-boot-starter-json-2.2.5.RELEASE.jar;D:\work\maven_repo\com\fasterxml\jackson\datatype\jackson-datatype-jdk8\2.10.2\jackson-datatype-jdk8-2.10.2.jar;D:\work\maven_repo\com\fasterxml\jackson\module\jackson-module-parameter-names\2.10.2\jackson-module-parameter-names-2.10.2.jar;D:\work\maven_repo\org\springframework\boot\spring-boot-starter-tomcat\2.2.5.RELEASE\spring-boot-starter-tomcat-2.2.5.RELEASE.jar;D:\work\maven_repo\org\apache\tomcat\embed\tomcat-embed-core\9.0.31\tomcat-embed-core-9.0.31.jar;D:\work\maven_repo\org\apache\tomcat\embed\tomcat-embed-el\9.0.31\tomcat-embed-el-9.0.31.jar;D:\work\maven_repo\org\apache\tomcat\embed\tomcat-embed-websocket\9.0.31\tomcat-embed-websocket-9.0.31.jar;D:\work\maven_repo\org\springframework\boot\spring-boot-starter-validation\2.2.5.RELEASE\spring-boot-starter-validation-2.2.5.RELEASE.jar;D:\work\maven_repo\jakarta\validation\jakarta.validation-api\2.0.2\jakarta.validation-api-2.0.2.jar;D:\work\maven_repo\org\hibernate\validator\hibernate-validator\6.0.18.Final\hibernate-validator-6.0.18.Final.jar;D:\work\maven_repo\org\springframework\spring-web\5.2.4.RELEASE\spring-web-5.2.4.RELEASE.jar;D:\work\maven_repo\org\springframework\spring-webmvc\5.2.4.RELEASE\spring-webmvc-5.2.4.RELEASE.jar;D:\work\maven_repo\org\springframework\spring-expression\5.2.4.RELEASE\spring-expression-5.2.4.RELEASE.jar;D:\work\maven_repo\org\projectlombok\lombok\1.18.12\lombok-1.18.12.jar;D:\work\maven_repo\org\springframework\boot\spring-boot-starter-test\2.2.5.RELEASE\spring-boot-starter-test-2.2.5.RELEASE.jar;D:\work\maven_repo\org\springframework\boot\spring-boot-test\2.2.5.RELEASE\spring-boot-test-2.2.5.RELEASE.jar;D:\work\maven_repo\org\springframework\boot\spring-boot-test-autoconfigure\2.2.5.RELEASE\spring-boot-test-autoconfigure-2.2.5.RELEASE.jar;D:\work\maven_repo\com\jayway\jsonpath\json-path\2.4.0\json-path-2.4.0.jar;D:\work\maven_repo\net\minidev\json-smart\2.3\json-smart-2.3.jar;D:\work\maven_repo\net\minidev\accessors-smart\1.2\accessors-smart-1.2.jar;D:\work\maven_repo\org\ow2\asm\asm\5.0.4\asm-5.0.4.jar;D:\work\maven_repo\jakarta\xml\bind\jakarta.xml.bind-api\2.3.2\jakarta.xml.bind-api-2.3.2.jar;D:\work\maven_repo\org\junit\jupiter\junit-jupiter\5.5.2\junit-jupiter-5.5.2.jar;D:\work\maven_repo\org\junit\jupiter\junit-jupiter-params\5.5.2\junit-jupiter-params-5.5.2.jar;D:\work\maven_repo\org\assertj\assertj-core\3.13.2\assertj-core-3.13.2.jar;D:\work\maven_repo\org\hamcrest\hamcrest\2.1\hamcrest-2.1.jar;D:\work\maven_repo\org\mockito\mockito-core\3.1.0\mockito-core-3.1.0.jar;D:\work\maven_repo\net\bytebuddy\byte-buddy-agent\1.10.8\byte-buddy-agent-1.10.8.jar;D:\work\maven_repo\org\objenesis\objenesis\2.6\objenesis-2.6.jar;D:\work\maven_repo\org\skyscreamer\jsonassert\1.5.0\jsonassert-1.5.0.jar;D:\work\maven_repo\com\vaadin\external\google\android-json\0.0.20131108.vaadin1\android-json-0.0.20131108.vaadin1.jar;D:\work\maven_repo\org\springframework\spring-core\5.2.4.RELEASE\spring-core-5.2.4.RELEASE.jar;D:\work\maven_repo\org\springframework\spring-jcl\5.2.4.RELEASE\spring-jcl-5.2.4.RELEASE.jar;D:\work\maven_repo\org\springframework\spring-test\5.2.4.RELEASE\spring-test-5.2.4.RELEASE.jar;D:\work\maven_repo\org\xmlunit\xmlunit-core\2.6.3\xmlunit-core-2.6.3.jar;D:\work\maven_repo\com\h2database\h2\1.4.200\h2-1.4.200.jar;D:\work\maven_repo\io\springfox\springfox-swagger2\2.9.2\springfox-swagger2-2.9.2.jar;D:\work\maven_repo\io\swagger\swagger-annotations\1.5.20\swagger-annotations-1.5.20.jar;D:\work\maven_repo\io\swagger\swagger-models\1.5.20\swagger-models-1.5.20.jar;D:\work\maven_repo\com\fasterxml\jackson\core\jackson-annotations\2.10.2\jackson-annotations-2.10.2.jar;D:\work\maven_repo\io\springfox\springfox-spi\2.9.2\springfox-spi-2.9.2.jar;D:\work\maven_repo\io\springfox\springfox-core\2.9.2\springfox-core-2.9.2.jar;D:\work\maven_repo\io\springfox\springfox-schema\2.9.2\springfox-schema-2.9.2.jar;D:\work\maven_repo\io\springfox\springfox-swagger-common\2.9.2\springfox-swagger-common-2.9.2.jar;D:\work\maven_repo\io\springfox\springfox-spring-web\2.9.2\springfox-spring-web-2.9.2.jar;D:\work\maven_repo\com\google\guava\guava\20.0\guava-20.0.jar;D:\work\maven_repo\com\fasterxml\classmate\1.5.1\classmate-1.5.1.jar;D:\work\maven_repo\org\slf4j\slf4j-api\1.7.30\slf4j-api-1.7.30.jar;D:\work\maven_repo\org\springframework\plugin\spring-plugin-core\1.2.0.RELEASE\spring-plugin-core-1.2.0.RELEASE.jar;D:\work\maven_repo\org\springframework\plugin\spring-plugin-metadata\1.2.0.RELEASE\spring-plugin-metadata-1.2.0.RELEASE.jar;D:\work\maven_repo\org\mapstruct\mapstruct\1.2.0.Final\mapstruct-1.2.0.Final.jar;D:\work\maven_repo\io\springfox\springfox-swagger-ui\2.9.2\springfox-swagger-ui-2.9.2.jar;D:\work\maven_repo\org\junit\jupiter\junit-jupiter-api\5.5.2\junit-jupiter-api-5.5.2.jar;D:\work\maven_repo\org\apiguardian\apiguardian-api\1.1.0\apiguardian-api-1.1.0.jar;D:\work\maven_repo\org\opentest4j\opentest4j\1.2.0\opentest4j-1.2.0.jar;D:\work\maven_repo\org\junit\platform\junit-platform-commons\1.5.2\junit-platform-commons-1.5.2.jar;D:\work\maven_repo\org\junit\jupiter\junit-jupiter-engine\5.5.2\junit-jupiter-engine-5.5.2.jar;D:\work\maven_repo\org\junit\platform\junit-platform-engine\1.5.2\junit-platform-engine-1.5.2.jar;D:\work\maven_repo\org\junit\platform\junit-platform-launcher\1.5.2\junit-platform-launcher-1.5.2.jar;D:\work\maven_repo\org\junit\platform\junit-platform-runner\1.5.2\junit-platform-runner-1.5.2.jar;D:\work\maven_repo\junit\junit\4.12\junit-4.12.jar;D:\work\maven_repo\org\hamcrest\hamcrest-core\2.1\hamcrest-core-2.1.jar;D:\work\maven_repo\org\junit\platform\junit-platform-suite-api\1.5.2\junit-platform-suite-api-1.5.2.jar;D:\work\maven_repo\org\mockito\mockito-junit-jupiter\3.1.0\mockito-junit-jupiter-3.1.0.jar;D:\work\maven_repo\io\micrometer\micrometer-registry-prometheus\1.3.5\micrometer-registry-prometheus-1.3.5.jar;D:\work\maven_repo\io\prometheus\simpleclient_common\0.7.0\simpleclient_common-0.7.0.jar;D:\work\maven_repo\io\prometheus\simpleclient\0.7.0\simpleclient-0.7.0.jar;"/>
    <property name="java.vm.vendor" value="Oracle Corporation"/>
    <property name="sun.arch.data.model" value="64"/>
    <property name="user.variant" value=""/>
    <property name="java.vendor.url" value="http://java.oracle.com/"/>
    <property name="user.timezone" value="Europe/Berlin"/>
    <property name="user.country.format" value="NL"/>
    <property name="java.vm.specification.version" value="11"/>
    <property name="os.name" value="Windows 10"/>
    <property name="sun.java.launcher" value="SUN_STANDARD"/>
    <property name="user.country" value="US"/>
    <property name="sun.boot.library.path" value="C:\Program Files\Java\jdk-11.0.5\bin"/>
    <property name="sun.java.command" value="C:\Users\padma\AppData\Local\Temp\surefire17757751542711824907\surefirebooter13500329781323580303.jar C:\Users\padma\AppData\Local\Temp\surefire17757751542711824907 2020-04-08T21-31-07_998-jvmRun1 surefire6356720202197286014tmp surefire_015161129386260860620tmp"/>
    <property name="jdk.debug" value="release"/>
    <property name="surefire.test.class.path" value="E:\stock-mgmt\stock-mgmt\stock-mgmt\target\test-classes;E:\stock-mgmt\stock-mgmt\stock-mgmt\target\classes;D:\work\maven_repo\org\springframework\boot\spring-boot-starter-actuator\2.2.5.RELEASE\spring-boot-starter-actuator-2.2.5.RELEASE.jar;D:\work\maven_repo\org\springframework\boot\spring-boot-starter\2.2.5.RELEASE\spring-boot-starter-2.2.5.RELEASE.jar;D:\work\maven_repo\org\springframework\boot\spring-boot\2.2.5.RELEASE\spring-boot-2.2.5.RELEASE.jar;D:\work\maven_repo\org\springframework\boot\spring-boot-autoconfigure\2.2.5.RELEASE\spring-boot-autoconfigure-2.2.5.RELEASE.jar;D:\work\maven_repo\org\springframework\boot\spring-boot-starter-logging\2.2.5.RELEASE\spring-boot-starter-logging-2.2.5.RELEASE.jar;D:\work\maven_repo\ch\qos\logback\logback-classic\1.2.3\logback-classic-1.2.3.jar;D:\work\maven_repo\ch\qos\logback\logback-core\1.2.3\logback-core-1.2.3.jar;D:\work\maven_repo\org\apache\logging\log4j\log4j-to-slf4j\2.12.1\log4j-to-slf4j-2.12.1.jar;D:\work\maven_repo\org\apache\logging\log4j\log4j-api\2.12.1\log4j-api-2.12.1.jar;D:\work\maven_repo\org\slf4j\jul-to-slf4j\1.7.30\jul-to-slf4j-1.7.30.jar;D:\work\maven_repo\jakarta\annotation\jakarta.annotation-api\1.3.5\jakarta.annotation-api-1.3.5.jar;D:\work\maven_repo\org\yaml\snakeyaml\1.25\snakeyaml-1.25.jar;D:\work\maven_repo\org\springframework\boot\spring-boot-actuator-autoconfigure\2.2.5.RELEASE\spring-boot-actuator-autoconfigure-2.2.5.RELEASE.jar;D:\work\maven_repo\org\springframework\boot\spring-boot-actuator\2.2.5.RELEASE\spring-boot-actuator-2.2.5.RELEASE.jar;D:\work\maven_repo\com\fasterxml\jackson\core\jackson-databind\2.10.2\jackson-databind-2.10.2.jar;D:\work\maven_repo\com\fasterxml\jackson\core\jackson-core\2.10.2\jackson-core-2.10.2.jar;D:\work\maven_repo\org\springframework\spring-context\5.2.4.RELEASE\spring-context-5.2.4.RELEASE.jar;D:\work\maven_repo\com\fasterxml\jackson\datatype\jackson-datatype-jsr310\2.10.2\jackson-datatype-jsr310-2.10.2.jar;D:\work\maven_repo\io\micrometer\micrometer-core\1.3.5\micrometer-core-1.3.5.jar;D:\work\maven_repo\org\hdrhistogram\HdrHistogram\2.1.11\HdrHistogram-2.1.11.jar;D:\work\maven_repo\org\latencyutils\LatencyUtils\2.0.3\LatencyUtils-2.0.3.jar;D:\work\maven_repo\org\springframework\boot\spring-boot-starter-data-jpa\2.2.5.RELEASE\spring-boot-starter-data-jpa-2.2.5.RELEASE.jar;D:\work\maven_repo\org\springframework\boot\spring-boot-starter-aop\2.2.5.RELEASE\spring-boot-starter-aop-2.2.5.RELEASE.jar;D:\work\maven_repo\org\springframework\spring-aop\5.2.4.RELEASE\spring-aop-5.2.4.RELEASE.jar;D:\work\maven_repo\org\aspectj\aspectjweaver\1.9.5\aspectjweaver-1.9.5.jar;D:\work\maven_repo\org\springframework\boot\spring-boot-starter-jdbc\2.2.5.RELEASE\spring-boot-starter-jdbc-2.2.5.RELEASE.jar;D:\work\maven_repo\com\zaxxer\HikariCP\3.4.2\HikariCP-3.4.2.jar;D:\work\maven_repo\org\springframework\spring-jdbc\5.2.4.RELEASE\spring-jdbc-5.2.4.RELEASE.jar;D:\work\maven_repo\jakarta\activation\jakarta.activation-api\1.2.2\jakarta.activation-api-1.2.2.jar;D:\work\maven_repo\jakarta\persistence\jakarta.persistence-api\2.2.3\jakarta.persistence-api-2.2.3.jar;D:\work\maven_repo\jakarta\transaction\jakarta.transaction-api\1.3.3\jakarta.transaction-api-1.3.3.jar;D:\work\maven_repo\org\hibernate\hibernate-core\5.4.12.Final\hibernate-core-5.4.12.Final.jar;D:\work\maven_repo\org\jboss\logging\jboss-logging\3.4.1.Final\jboss-logging-3.4.1.Final.jar;D:\work\maven_repo\org\javassist\javassist\3.24.0-GA\javassist-3.24.0-GA.jar;D:\work\maven_repo\net\bytebuddy\byte-buddy\1.10.8\byte-buddy-1.10.8.jar;D:\work\maven_repo\antlr\antlr\2.7.7\antlr-2.7.7.jar;D:\work\maven_repo\org\jboss\jandex\2.1.1.Final\jandex-2.1.1.Final.jar;D:\work\maven_repo\org\dom4j\dom4j\2.1.1\dom4j-2.1.1.jar;D:\work\maven_repo\org\hibernate\common\hibernate-commons-annotations\5.1.0.Final\hibernate-commons-annotations-5.1.0.Final.jar;D:\work\maven_repo\org\glassfish\jaxb\jaxb-runtime\2.3.2\jaxb-runtime-2.3.2.jar;D:\work\maven_repo\org\glassfish\jaxb\txw2\2.3.2\txw2-2.3.2.jar;D:\work\maven_repo\com\sun\istack\istack-commons-runtime\3.0.8\istack-commons-runtime-3.0.8.jar;D:\work\maven_repo\org\jvnet\staxex\stax-ex\1.8.1\stax-ex-1.8.1.jar;D:\work\maven_repo\com\sun\xml\fastinfoset\FastInfoset\1.2.16\FastInfoset-1.2.16.jar;D:\work\maven_repo\org\springframework\data\spring-data-jpa\2.2.5.RELEASE\spring-data-jpa-2.2.5.RELEASE.jar;D:\work\maven_repo\org\springframework\data\spring-data-commons\2.2.5.RELEASE\spring-data-commons-2.2.5.RELEASE.jar;D:\work\maven_repo\org\springframework\spring-orm\5.2.4.RELEASE\spring-orm-5.2.4.RELEASE.jar;D:\work\maven_repo\org\springframework\spring-tx\5.2.4.RELEASE\spring-tx-5.2.4.RELEASE.jar;D:\work\maven_repo\org\springframework\spring-beans\5.2.4.RELEASE\spring-beans-5.2.4.RELEASE.jar;D:\work\maven_repo\org\springframework\spring-aspects\5.2.4.RELEASE\spring-aspects-5.2.4.RELEASE.jar;D:\work\maven_repo\org\springframework\boot\spring-boot-starter-web\2.2.5.RELEASE\spring-boot-starter-web-2.2.5.RELEASE.jar;D:\work\maven_repo\org\springframework\boot\spring-boot-starter-json\2.2.5.RELEASE\spring-boot-starter-json-2.2.5.RELEASE.jar;D:\work\maven_repo\com\fasterxml\jackson\datatype\jackson-datatype-jdk8\2.10.2\jackson-datatype-jdk8-2.10.2.jar;D:\work\maven_repo\com\fasterxml\jackson\module\jackson-module-parameter-names\2.10.2\jackson-module-parameter-names-2.10.2.jar;D:\work\maven_repo\org\springframework\boot\spring-boot-starter-tomcat\2.2.5.RELEASE\spring-boot-starter-tomcat-2.2.5.RELEASE.jar;D:\work\maven_repo\org\apache\tomcat\embed\tomcat-embed-core\9.0.31\tomcat-embed-core-9.0.31.jar;D:\work\maven_repo\org\apache\tomcat\embed\tomcat-embed-el\9.0.31\tomcat-embed-el-9.0.31.jar;D:\work\maven_repo\org\apache\tomcat\embed\tomcat-embed-websocket\9.0.31\tomcat-embed-websocket-9.0.31.jar;D:\work\maven_repo\org\springframework\boot\spring-boot-starter-validation\2.2.5.RELEASE\spring-boot-starter-validation-2.2.5.RELEASE.jar;D:\work\maven_repo\jakarta\validation\jakarta.validation-api\2.0.2\jakarta.validation-api-2.0.2.jar;D:\work\maven_repo\org\hibernate\validator\hibernate-validator\6.0.18.Final\hibernate-validator-6.0.18.Final.jar;D:\work\maven_repo\org\springframework\spring-web\5.2.4.RELEASE\spring-web-5.2.4.RELEASE.jar;D:\work\maven_repo\org\springframework\spring-webmvc\5.2.4.RELEASE\spring-webmvc-5.2.4.RELEASE.jar;D:\work\maven_repo\org\springframework\spring-expression\5.2.4.RELEASE\spring-expression-5.2.4.RELEASE.jar;D:\work\maven_repo\org\projectlombok\lombok\1.18.12\lombok-1.18.12.jar;D:\work\maven_repo\org\springframework\boot\spring-boot-starter-test\2.2.5.RELEASE\spring-boot-starter-test-2.2.5.RELEASE.jar;D:\work\maven_repo\org\springframework\boot\spring-boot-test\2.2.5.RELEASE\spring-boot-test-2.2.5.RELEASE.jar;D:\work\maven_repo\org\springframework\boot\spring-boot-test-autoconfigure\2.2.5.RELEASE\spring-boot-test-autoconfigure-2.2.5.RELEASE.jar;D:\work\maven_repo\com\jayway\jsonpath\json-path\2.4.0\json-path-2.4.0.jar;D:\work\maven_repo\net\minidev\json-smart\2.3\json-smart-2.3.jar;D:\work\maven_repo\net\minidev\accessors-smart\1.2\accessors-smart-1.2.jar;D:\work\maven_repo\org\ow2\asm\asm\5.0.4\asm-5.0.4.jar;D:\work\maven_repo\jakarta\xml\bind\jakarta.xml.bind-api\2.3.2\jakarta.xml.bind-api-2.3.2.jar;D:\work\maven_repo\org\junit\jupiter\junit-jupiter\5.5.2\junit-jupiter-5.5.2.jar;D:\work\maven_repo\org\junit\jupiter\junit-jupiter-params\5.5.2\junit-jupiter-params-5.5.2.jar;D:\work\maven_repo\org\assertj\assertj-core\3.13.2\assertj-core-3.13.2.jar;D:\work\maven_repo\org\hamcrest\hamcrest\2.1\hamcrest-2.1.jar;D:\work\maven_repo\org\mockito\mockito-core\3.1.0\mockito-core-3.1.0.jar;D:\work\maven_repo\net\bytebuddy\byte-buddy-agent\1.10.8\byte-buddy-agent-1.10.8.jar;D:\work\maven_repo\org\objenesis\objenesis\2.6\objenesis-2.6.jar;D:\work\maven_repo\org\skyscreamer\jsonassert\1.5.0\jsonassert-1.5.0.jar;D:\work\maven_repo\com\vaadin\external\google\android-json\0.0.20131108.vaadin1\android-json-0.0.20131108.vaadin1.jar;D:\work\maven_repo\org\springframework\spring-core\5.2.4.RELEASE\spring-core-5.2.4.RELEASE.jar;D:\work\maven_repo\org\springframework\spring-jcl\5.2.4.RELEASE\spring-jcl-5.2.4.RELEASE.jar;D:\work\maven_repo\org\springframework\spring-test\5.2.4.RELEASE\spring-test-5.2.4.RELEASE.jar;D:\work\maven_repo\org\xmlunit\xmlunit-core\2.6.3\xmlunit-core-2.6.3.jar;D:\work\maven_repo\com\h2database\h2\1.4.200\h2-1.4.200.jar;D:\work\maven_repo\io\springfox\springfox-swagger2\2.9.2\springfox-swagger2-2.9.2.jar;D:\work\maven_repo\io\swagger\swagger-annotations\1.5.20\swagger-annotations-1.5.20.jar;D:\work\maven_repo\io\swagger\swagger-models\1.5.20\swagger-models-1.5.20.jar;D:\work\maven_repo\com\fasterxml\jackson\core\jackson-annotations\2.10.2\jackson-annotations-2.10.2.jar;D:\work\maven_repo\io\springfox\springfox-spi\2.9.2\springfox-spi-2.9.2.jar;D:\work\maven_repo\io\springfox\springfox-core\2.9.2\springfox-core-2.9.2.jar;D:\work\maven_repo\io\springfox\springfox-schema\2.9.2\springfox-schema-2.9.2.jar;D:\work\maven_repo\io\springfox\springfox-swagger-common\2.9.2\springfox-swagger-common-2.9.2.jar;D:\work\maven_repo\io\springfox\springfox-spring-web\2.9.2\springfox-spring-web-2.9.2.jar;D:\work\maven_repo\com\google\guava\guava\20.0\guava-20.0.jar;D:\work\maven_repo\com\fasterxml\classmate\1.5.1\classmate-1.5.1.jar;D:\work\maven_repo\org\slf4j\slf4j-api\1.7.30\slf4j-api-1.7.30.jar;D:\work\maven_repo\org\springframework\plugin\spring-plugin-core\1.2.0.RELEASE\spring-plugin-core-1.2.0.RELEASE.jar;D:\work\maven_repo\org\springframework\plugin\spring-plugin-metadata\1.2.0.RELEASE\spring-plugin-metadata-1.2.0.RELEASE.jar;D:\work\maven_repo\org\mapstruct\mapstruct\1.2.0.Final\mapstruct-1.2.0.Final.jar;D:\work\maven_repo\io\springfox\springfox-swagger-ui\2.9.2\springfox-swagger-ui-2.9.2.jar;D:\work\maven_repo\org\junit\jupiter\junit-jupiter-api\5.5.2\junit-jupiter-api-5.5.2.jar;D:\work\maven_repo\org\apiguardian\apiguardian-api\1.1.0\apiguardian-api-1.1.0.jar;D:\work\maven_repo\org\opentest4j\opentest4j\1.2.0\opentest4j-1.2.0.jar;D:\work\maven_repo\org\junit\platform\junit-platform-commons\1.5.2\junit-platform-commons-1.5.2.jar;D:\work\maven_repo\org\junit\jupiter\junit-jupiter-engine\5.5.2\junit-jupiter-engine-5.5.2.jar;D:\work\maven_repo\org\junit\platform\junit-platform-engine\1.5.2\junit-platform-engine-1.5.2.jar;D:\work\maven_repo\org\junit\platform\junit-platform-launcher\1.5.2\junit-platform-launcher-1.5.2.jar;D:\work\maven_repo\org\junit\platform\junit-platform-runner\1.5.2\junit-platform-runner-1.5.2.jar;D:\work\maven_repo\junit\junit\4.12\junit-4.12.jar;D:\work\maven_repo\org\hamcrest\hamcrest-core\2.1\hamcrest-core-2.1.jar;D:\work\maven_repo\org\junit\platform\junit-platform-suite-api\1.5.2\junit-platform-suite-api-1.5.2.jar;D:\work\maven_repo\org\mockito\mockito-junit-jupiter\3.1.0\mockito-junit-jupiter-3.1.0.jar;D:\work\maven_repo\io\micrometer\micrometer-registry-prometheus\1.3.5\micrometer-registry-prometheus-1.3.5.jar;D:\work\maven_repo\io\prometheus\simpleclient_common\0.7.0\simpleclient_common-0.7.0.jar;D:\work\maven_repo\io\prometheus\simpleclient\0.7.0\simpleclient-0.7.0.jar;"/>
    <property name="sun.cpu.endian" value="little"/>
    <property name="user.home" value="C:\Users\padma"/>
    <property name="user.language" value="en"/>
    <property name="java.specification.vendor" value="Oracle Corporation"/>
    <property name="java.version.date" value="2019-10-15"/>
    <property name="java.home" value="C:\Program Files\Java\jdk-11.0.5"/>
    <property name="file.separator" value="\"/>
    <property name="basedir" value="E:\stock-mgmt\stock-mgmt\stock-mgmt"/>
    <property name="java.vm.compressedOopsMode" value="Zero based"/>
    <property name="line.separator" value="&#10;"/>
    <property name="java.specification.name" value="Java Platform API Specification"/>
    <property name="java.vm.specification.vendor" value="Oracle Corporation"/>
    <property name="java.awt.graphicsenv" value="sun.awt.Win32GraphicsEnvironment"/>
    <property name="surefire.real.class.path" value="C:\Users\padma\AppData\Local\Temp\surefire17757751542711824907\surefirebooter13500329781323580303.jar"/>
    <property name="user.script" value=""/>
    <property name="sun.management.compiler" value="HotSpot 64-Bit Tiered Compilers"/>
    <property name="java.runtime.version" value="11.0.5+10-LTS"/>
    <property name="user.name" value="padma"/>
    <property name="path.separator" value=";"/>
    <property name="os.version" value="10.0"/>
    <property name="java.runtime.name" value="Java(TM) SE Runtime Environment"/>
    <property name="file.encoding" value="Cp1252"/>
    <property name="java.vm.name" value="Java HotSpot(TM) 64-Bit Server VM"/>
    <property name="java.vendor.version" value="18.9"/>
    <property name="localRepository" value="D:\work\maven_repo"/>
    <property name="java.vendor.url.bug" value="http://bugreport.java.com/bugreport/"/>
    <property name="java.io.tmpdir" value="C:\Users\padma\AppData\Local\Temp\"/>
    <property name="java.version" value="11.0.5"/>
    <property name="user.dir" value="E:\stock-mgmt\stock-mgmt\stock-mgmt"/>
    <property name="os.arch" value="amd64"/>
    <property name="java.vm.specification.name" value="Java Virtual Machine Specification"/>
    <property name="java.awt.printerjob" value="sun.awt.windows.WPrinterJob"/>
    <property name="sun.os.patch.level" value=""/>
    <property name="java.library.path" value="C:\Program Files\Java\jdk-11.0.5\bin;C:\Windows\Sun\Java\bin;C:\Windows\system32;C:\Windows;C:\Users\padma\bin;C:\Program Files\Git\mingw64\bin;C:\Program Files\Git\usr\local\bin;C:\Program Files\Git\usr\bin;C:\Program Files\Git\usr\bin;C:\Program Files\Git\mingw64\bin;C:\Program Files\Git\usr\bin;C:\Users\padma\bin;C:\Program Files (x86)\Common Files\Oracle\Java\javapath;C:\Windows\system32;C:\Windows;C:\Windows\System32\Wbem;C:\Program Files\Java\jdk-11.0.5\bin;C:\Windows\System32\WindowsPowerShell\v1.0;C:\Windows\System32\OpenSSH;D:\softwares\apache-maven-3.6.3\bin;C:\Program Files\Git\cmd;C:\Program Files\nodejs;C:\Program Files\Docker\Docker\resources\bin;C:\ProgramData\DockerDesktop\version-bin;C:\Program Files\dotnet;C:\Program Files\Microsoft SQL Server\130\Tools\Binn;C:\Program Files\Microsoft SQL Server\Client SDK\ODBC\170\Tools\Binn;C:\Program Files\Microsoft VS Code\bin;C:\Program Files\Java\jdk-11.0.5\bin;C:\Users\padma\AppData\Roaming\npm;C:\Program Files\Git\usr\bin\vendor_perl;C:\Program Files\Git\usr\bin\core_perl;."/>
    <property name="java.vendor" value="Oracle Corporation"/>
    <property name="java.vm.info" value="mixed mode"/>
    <property name="java.vm.version" value="11.0.5+10-LTS"/>
    <property name="sun.io.unicode.encoding" value="UnicodeLittle"/>
    <property name="java.class.version" value="55.0"/>
  </properties>
  <testcase name="testFindAll" classname="com.payconiq.stockMgmt.repository.StockMgmtRepositoryTest" time="0.167"/>
  <testcase name="testSave" classname="com.payconiq.stockMgmt.repository.StockMgmtRepositoryTest" time="0.209"/>
  <testcase name="testFindById" classname="com.payconiq.stockMgmt.repository.StockMgmtRepositoryTest" time="0.205"/>
</testsuite>